
> blogger@0.0.0 start
> node ./bin/www

Port 80 is already in use

> blogger@0.0.0 start
> node ./bin/www

[0mGET / [36m304 [0m569.140 ms - -[0m
[0mGET /bootstrap/css/bootstrap.min.css [36m304 [0m2.922 ms - -[0m
[0mGET /stylesheets/style.css [36m304 [0m1.064 ms - -[0m
[0mGET /bootstrap/js/bootstrap.min.js [36m304 [0m1.021 ms - -[0m
[0mGET / [36m304 [0m32.010 ms - -[0m
[0mGET /bootstrap/css/bootstrap.min.css [36m304 [0m0.799 ms - -[0m
[0mGET /stylesheets/style.css [36m304 [0m1.436 ms - -[0m
[0mGET /bootstrap/js/bootstrap.min.js [36m304 [0m0.464 ms - -[0m
[0mGET / [36m304 [0m17.921 ms - -[0m
[0mGET /bootstrap/css/bootstrap.min.css [36m304 [0m1.176 ms - -[0m
[0mGET /stylesheets/style.css [36m304 [0m2.948 ms - -[0m
[0mGET /bootstrap/js/bootstrap.min.js [36m304 [0m2.843 ms - -[0m
[0mGET /bloglist [36m304 [0m27.769 ms - -[0m
[0mGET /bootstrap/css/bootstrap.min.css [36m304 [0m0.603 ms - -[0m
[0mGET /stylesheets/style.css [36m304 [0m0.683 ms - -[0m
[0mGET /bootstrap/js/bootstrap.min.js [36m304 [0m0.329 ms - -[0m
[0mGET /blogadd [36m304 [0m30.968 ms - -[0m
[0mGET /bootstrap/css/bootstrap.min.css [36m304 [0m1.467 ms - -[0m
[0mGET /stylesheets/style.css [36m304 [0m0.388 ms - -[0m
[0mGET /bootstrap/js/bootstrap.min.js [36m304 [0m0.331 ms - -[0m
[0mGET / [36m304 [0m16.767 ms - -[0m
[0mGET /bootstrap/css/bootstrap.min.css [36m304 [0m0.591 ms - -[0m
[0mGET /stylesheets/style.css [36m304 [0m0.293 ms - -[0m
[0mGET /bootstrap/js/bootstrap.min.js [36m304 [0m0.277 ms - -[0m
[0mGET / [36m304 [0m9.944 ms - -[0m
[0mGET /bootstrap/css/bootstrap.min.css [36m304 [0m1.008 ms - -[0m
[0mGET /stylesheets/style.css [36m304 [0m0.954 ms - -[0m
[0mGET /bootstrap/js/bootstrap.min.js [36m304 [0m2.159 ms - -[0m
[0mGET / [36m304 [0m13.693 ms - -[0m
[0mGET /bootstrap/css/bootstrap.min.css [36m304 [0m0.392 ms - -[0m
[0mGET /stylesheets/style.css [36m304 [0m0.419 ms - -[0m
[0mGET /bootstrap/js/bootstrap.min.js [36m304 [0m1.009 ms - -[0m
[0mGET / [36m304 [0m13.821 ms - -[0m
[0mGET /bootstrap/css/bootstrap.min.css [36m304 [0m0.444 ms - -[0m
[0mGET /stylesheets/style.css [36m304 [0m0.648 ms - -[0m
[0mGET /bootstrap/js/bootstrap.min.js [36m304 [0m0.665 ms - -[0m
[0mGET /bloglist [36m304 [0m11.560 ms - -[0m
[0mGET /bootstrap/css/bootstrap.min.css [36m304 [0m0.415 ms - -[0m
[0mGET /stylesheets/style.css [36m304 [0m0.342 ms - -[0m
[0mGET /bootstrap/js/bootstrap.min.js [36m304 [0m0.262 ms - -[0m
[0mGET /blogadd [36m304 [0m28.845 ms - -[0m
[0mGET /bootstrap/css/bootstrap.min.css [36m304 [0m0.524 ms - -[0m
[0mGET /stylesheets/style.css [36m304 [0m0.986 ms - -[0m
[0mGET /bootstrap/js/bootstrap.min.js [36m304 [0m0.723 ms - -[0m
[0mGET / [36m304 [0m11.972 ms - -[0m
[0mGET /bootstrap/css/bootstrap.min.css [36m304 [0m0.609 ms - -[0m
[0mGET /stylesheets/style.css [36m304 [0m0.434 ms - -[0m
[0mGET /bootstrap/js/bootstrap.min.js [36m304 [0m0.281 ms - -[0m
